2024-06-06T10:14:32.036Z 0: 

----------------------------------------------
2024-06-06T10:14:32.039Z 1: Discord starting: {"releaseChannel":"stable","version":"0.0.55"}, modulepath: /home/rparodi/.config/discord/0.0.55/modules
2024-06-06T10:14:32.064Z 2: ✅ webContents.created web1 ""
2024-06-06T10:14:32.066Z 3: ✅ window.created win1 "discord"
2024-06-06T10:14:32.219Z 4: ✅ webContents.did-finish-load web1
2024-06-06T10:14:35.600Z 5: ✅ webContents.created web2 ""
2024-06-06T10:14:35.605Z 6: ✅ window.created win2 "Discord"
2024-06-06T10:14:36.538Z 7: ✅ webContents.did-finish-load web2
2024-06-06T10:14:36.638Z 8: window.close win1
2024-06-06T10:14:36.643Z 9: webContents.destroyed web1
2024-06-06T10:14:36.644Z 10: window.closed win1
2024-06-06T10:14:37.320Z 11: window.close win2
2024-06-06T10:57:21.303Z 12: before-quit
2024-06-06T10:57:21.305Z 13: window.close win2
2024-06-06T10:57:21.313Z 14: ❌ child-process-gone {
  type: 'Utility',
  reason: 'killed',
  exitCode: 15,
  serviceName: 'audio.mojom.AudioService',
  name: 'Audio Service'
}
