2024-06-06T10:14:32.001Z [Modules] Modules initializing
2024-06-06T10:14:32.001Z [Modules] Distribution: remote
2024-06-06T10:14:32.001Z [Modules] Host updates: enabled
2024-06-06T10:14:32.001Z [Modules] Module updates: enabled
2024-06-06T10:14:32.001Z [Modules] Module install path: /home/rparodi/.config/discord/0.0.55/modules
2024-06-06T10:14:32.001Z [Modules] Module installed file path: /home/rparodi/.config/discord/0.0.55/modules/installed.json
2024-06-06T10:14:32.001Z [Modules] Module download path: /home/rparodi/.config/discord/0.0.55/modules/pending
2024-06-06T10:14:32.135Z [Modules] Bootstrapping...
2024-06-06T10:14:32.136Z [Modules] Installing discord_desktop_core@0 from /usr/share/discord/resources/bootstrap/discord_desktop_core.zip
2024-06-06T10:14:32.137Z [Modules] Failed installing discord_desktop_core@0: Error: ENOENT: no such file or directory, open '/usr/share/discord/resources/bootstrap/discord_desktop_core.zip'
2024-06-06T10:14:32.138Z [Modules] Installing discord_erlpack@0 from /usr/share/discord/resources/bootstrap/discord_erlpack.zip
2024-06-06T10:14:32.140Z [Modules] Failed installing discord_erlpack@0: Error: ENOENT: no such file or directory, open '/usr/share/discord/resources/bootstrap/discord_erlpack.zip'
2024-06-06T10:14:32.141Z [Modules] Installing discord_spellcheck@0 from /usr/share/discord/resources/bootstrap/discord_spellcheck.zip
2024-06-06T10:14:32.142Z [Modules] Failed installing discord_spellcheck@0: Error: ENOENT: no such file or directory, open '/usr/share/discord/resources/bootstrap/discord_spellcheck.zip'
2024-06-06T10:14:32.143Z [Modules] Installing discord_utils@0 from /usr/share/discord/resources/bootstrap/discord_utils.zip
2024-06-06T10:14:32.143Z [Modules] Failed installing discord_utils@0: Error: ENOENT: no such file or directory, open '/usr/share/discord/resources/bootstrap/discord_utils.zip'
2024-06-06T10:14:32.144Z [Modules] Installing discord_voice@0 from /usr/share/discord/resources/bootstrap/discord_voice.zip
2024-06-06T10:14:32.144Z [Modules] Failed installing discord_voice@0: Error: ENOENT: no such file or directory, open '/usr/share/discord/resources/bootstrap/discord_voice.zip'
2024-06-06T10:14:32.145Z [Modules] Installing discord_zstd@0 from /usr/share/discord/resources/bootstrap/discord_zstd.zip
2024-06-06T10:14:32.146Z [Modules] Failed installing discord_zstd@0: Error: ENOENT: no such file or directory, open '/usr/share/discord/resources/bootstrap/discord_zstd.zip'
2024-06-06T10:14:32.147Z [Modules] Finished module installations. [success: 0] [failure: 6]
2024-06-06T10:14:32.147Z [Modules] Checking for host updates.
2024-06-06T10:14:32.379Z [Modules] Host is up to date.
2024-06-06T10:14:32.380Z [Modules] Checking for module updates at https://discord.com/api/modules/stable/versions.json
2024-06-06T10:14:32.417Z [Modules] Module update available: discord_desktop_core@1 [installed: 0]
2024-06-06T10:14:32.417Z [Modules] Module update available: discord_erlpack@1 [installed: 0]
2024-06-06T10:14:32.418Z [Modules] Module update available: discord_spellcheck@1 [installed: 0]
2024-06-06T10:14:32.418Z [Modules] Module update available: discord_utils@1 [installed: 0]
2024-06-06T10:14:32.418Z [Modules] Module update available: discord_voice@1 [installed: 0]
2024-06-06T10:14:32.418Z [Modules] Module update available: discord_zstd@1 [installed: 0]
2024-06-06T10:14:32.419Z [Modules] Fetching discord_desktop_core@1 from https://discord.com/api/modules/stable/discord_desktop_core/1
2024-06-06T10:14:32.419Z [Modules] Streaming discord_desktop_core@1 to /home/rparodi/.config/discord/0.0.55/modules/pending/discord_desktop_core-1.zip
2024-06-06T10:14:32.691Z [Modules] Streaming discord_desktop_core@1 to /home/rparodi/.config/discord/0.0.55/modules/pending/discord_desktop_core-1.zip: 1%
2024-06-06T10:14:32.702Z [Modules] Streaming discord_desktop_core@1 to /home/rparodi/.config/discord/0.0.55/modules/pending/discord_desktop_core-1.zip: 3%
2024-06-06T10:14:32.711Z [Modules] Streaming discord_desktop_core@1 to /home/rparodi/.config/discord/0.0.55/modules/pending/discord_desktop_core-1.zip: 6%
2024-06-06T10:14:32.716Z [Modules] Streaming discord_desktop_core@1 to /home/rparodi/.config/discord/0.0.55/modules/pending/discord_desktop_core-1.zip: 9%
2024-06-06T10:14:32.719Z [Modules] Streaming discord_desktop_core@1 to /home/rparodi/.config/discord/0.0.55/modules/pending/discord_desktop_core-1.zip: 11%
2024-06-06T10:14:32.723Z [Modules] Streaming discord_desktop_core@1 to /home/rparodi/.config/discord/0.0.55/modules/pending/discord_desktop_core-1.zip: 13%
2024-06-06T10:14:32.724Z [Modules] Streaming discord_desktop_core@1 to /home/rparodi/.config/discord/0.0.55/modules/pending/discord_desktop_core-1.zip: 16%
2024-06-06T10:14:32.727Z [Modules] Streaming discord_desktop_core@1 to /home/rparodi/.config/discord/0.0.55/modules/pending/discord_desktop_core-1.zip: 19%
2024-06-06T10:14:32.729Z [Modules] Streaming discord_desktop_core@1 to /home/rparodi/.config/discord/0.0.55/modules/pending/discord_desktop_core-1.zip: 22%
2024-06-06T10:14:32.731Z [Modules] Streaming discord_desktop_core@1 to /home/rparodi/.config/discord/0.0.55/modules/pending/discord_desktop_core-1.zip: 25%
2024-06-06T10:14:32.733Z [Modules] Streaming discord_desktop_core@1 to /home/rparodi/.config/discord/0.0.55/modules/pending/discord_desktop_core-1.zip: 26%
2024-06-06T10:14:32.735Z [Modules] Streaming discord_desktop_core@1 to /home/rparodi/.config/discord/0.0.55/modules/pending/discord_desktop_core-1.zip: 29%
2024-06-06T10:14:32.736Z [Modules] Streaming discord_desktop_core@1 to /home/rparodi/.config/discord/0.0.55/modules/pending/discord_desktop_core-1.zip: 31%
2024-06-06T10:14:32.737Z [Modules] Streaming discord_desktop_core@1 to /home/rparodi/.config/discord/0.0.55/modules/pending/discord_desktop_core-1.zip: 34%
2024-06-06T10:14:32.740Z [Modules] Streaming discord_desktop_core@1 to /home/rparodi/.config/discord/0.0.55/modules/pending/discord_desktop_core-1.zip: 37%
2024-06-06T10:14:32.740Z [Modules] Streaming discord_desktop_core@1 to /home/rparodi/.config/discord/0.0.55/modules/pending/discord_desktop_core-1.zip: 40%
2024-06-06T10:14:32.742Z [Modules] Streaming discord_desktop_core@1 to /home/rparodi/.config/discord/0.0.55/modules/pending/discord_desktop_core-1.zip: 42%
2024-06-06T10:14:32.743Z [Modules] Streaming discord_desktop_core@1 to /home/rparodi/.config/discord/0.0.55/modules/pending/discord_desktop_core-1.zip: 45%
2024-06-06T10:14:32.745Z [Modules] Streaming discord_desktop_core@1 to /home/rparodi/.config/discord/0.0.55/modules/pending/discord_desktop_core-1.zip: 48%
2024-06-06T10:14:32.746Z [Modules] Streaming discord_desktop_core@1 to /home/rparodi/.config/discord/0.0.55/modules/pending/discord_desktop_core-1.zip: 51%
2024-06-06T10:14:32.749Z [Modules] Streaming discord_desktop_core@1 to /home/rparodi/.config/discord/0.0.55/modules/pending/discord_desktop_core-1.zip: 54%
2024-06-06T10:14:32.749Z [Modules] Streaming discord_desktop_core@1 to /home/rparodi/.config/discord/0.0.55/modules/pending/discord_desktop_core-1.zip: 56%
2024-06-06T10:14:32.752Z [Modules] Streaming discord_desktop_core@1 to /home/rparodi/.config/discord/0.0.55/modules/pending/discord_desktop_core-1.zip: 59%
2024-06-06T10:14:32.753Z [Modules] Streaming discord_desktop_core@1 to /home/rparodi/.config/discord/0.0.55/modules/pending/discord_desktop_core-1.zip: 62%
2024-06-06T10:14:32.756Z [Modules] Streaming discord_desktop_core@1 to /home/rparodi/.config/discord/0.0.55/modules/pending/discord_desktop_core-1.zip: 65%
2024-06-06T10:14:32.757Z [Modules] Streaming discord_desktop_core@1 to /home/rparodi/.config/discord/0.0.55/modules/pending/discord_desktop_core-1.zip: 68%
2024-06-06T10:14:32.761Z [Modules] Streaming discord_desktop_core@1 to /home/rparodi/.config/discord/0.0.55/modules/pending/discord_desktop_core-1.zip: 71%
2024-06-06T10:14:32.761Z [Modules] Streaming discord_desktop_core@1 to /home/rparodi/.config/discord/0.0.55/modules/pending/discord_desktop_core-1.zip: 74%
2024-06-06T10:14:32.763Z [Modules] Streaming discord_desktop_core@1 to /home/rparodi/.config/discord/0.0.55/modules/pending/discord_desktop_core-1.zip: 77%
2024-06-06T10:14:32.764Z [Modules] Streaming discord_desktop_core@1 to /home/rparodi/.config/discord/0.0.55/modules/pending/discord_desktop_core-1.zip: 80%
2024-06-06T10:14:32.766Z [Modules] Streaming discord_desktop_core@1 to /home/rparodi/.config/discord/0.0.55/modules/pending/discord_desktop_core-1.zip: 83%
2024-06-06T10:14:32.767Z [Modules] Streaming discord_desktop_core@1 to /home/rparodi/.config/discord/0.0.55/modules/pending/discord_desktop_core-1.zip: 86%
2024-06-06T10:14:32.769Z [Modules] Streaming discord_desktop_core@1 to /home/rparodi/.config/discord/0.0.55/modules/pending/discord_desktop_core-1.zip: 89%
2024-06-06T10:14:32.769Z [Modules] Streaming discord_desktop_core@1 to /home/rparodi/.config/discord/0.0.55/modules/pending/discord_desktop_core-1.zip: 92%
2024-06-06T10:14:32.771Z [Modules] Streaming discord_desktop_core@1 to /home/rparodi/.config/discord/0.0.55/modules/pending/discord_desktop_core-1.zip: 94%
2024-06-06T10:14:32.771Z [Modules] Streaming discord_desktop_core@1 to /home/rparodi/.config/discord/0.0.55/modules/pending/discord_desktop_core-1.zip: 97%
2024-06-06T10:14:32.773Z [Modules] Streaming discord_desktop_core@1 to /home/rparodi/.config/discord/0.0.55/modules/pending/discord_desktop_core-1.zip: 100%
2024-06-06T10:14:32.775Z [Modules] Fetching discord_erlpack@1 from https://discord.com/api/modules/stable/discord_erlpack/1
2024-06-06T10:14:32.775Z [Modules] Streaming discord_erlpack@1 to /home/rparodi/.config/discord/0.0.55/modules/pending/discord_erlpack-1.zip
2024-06-06T10:14:32.995Z [Modules] Streaming discord_erlpack@1 to /home/rparodi/.config/discord/0.0.55/modules/pending/discord_erlpack-1.zip: 3%
2024-06-06T10:14:33.000Z [Modules] Streaming discord_erlpack@1 to /home/rparodi/.config/discord/0.0.55/modules/pending/discord_erlpack-1.zip: 4%
2024-06-06T10:14:33.001Z [Modules] Streaming discord_erlpack@1 to /home/rparodi/.config/discord/0.0.55/modules/pending/discord_erlpack-1.zip: 7%
2024-06-06T10:14:33.004Z [Modules] Streaming discord_erlpack@1 to /home/rparodi/.config/discord/0.0.55/modules/pending/discord_erlpack-1.zip: 10%
2024-06-06T10:14:33.005Z [Modules] Streaming discord_erlpack@1 to /home/rparodi/.config/discord/0.0.55/modules/pending/discord_erlpack-1.zip: 14%
2024-06-06T10:14:33.008Z [Modules] Streaming discord_erlpack@1 to /home/rparodi/.config/discord/0.0.55/modules/pending/discord_erlpack-1.zip: 17%
2024-06-06T10:14:33.009Z [Modules] Streaming discord_erlpack@1 to /home/rparodi/.config/discord/0.0.55/modules/pending/discord_erlpack-1.zip: 21%
2024-06-06T10:14:33.011Z [Modules] Streaming discord_erlpack@1 to /home/rparodi/.config/discord/0.0.55/modules/pending/discord_erlpack-1.zip: 24%
2024-06-06T10:14:33.012Z [Modules] Streaming discord_erlpack@1 to /home/rparodi/.config/discord/0.0.55/modules/pending/discord_erlpack-1.zip: 27%
2024-06-06T10:14:33.016Z [Modules] Streaming discord_erlpack@1 to /home/rparodi/.config/discord/0.0.55/modules/pending/discord_erlpack-1.zip: 31%
2024-06-06T10:14:33.018Z [Modules] Streaming discord_erlpack@1 to /home/rparodi/.config/discord/0.0.55/modules/pending/discord_erlpack-1.zip: 34%
2024-06-06T10:14:33.021Z [Modules] Streaming discord_erlpack@1 to /home/rparodi/.config/discord/0.0.55/modules/pending/discord_erlpack-1.zip: 41%
2024-06-06T10:14:33.026Z [Modules] Streaming discord_erlpack@1 to /home/rparodi/.config/discord/0.0.55/modules/pending/discord_erlpack-1.zip: 44%
2024-06-06T10:14:33.027Z [Modules] Streaming discord_erlpack@1 to /home/rparodi/.config/discord/0.0.55/modules/pending/discord_erlpack-1.zip: 48%
2024-06-06T10:14:33.029Z [Modules] Streaming discord_erlpack@1 to /home/rparodi/.config/discord/0.0.55/modules/pending/discord_erlpack-1.zip: 54%
2024-06-06T10:14:33.032Z [Modules] Streaming discord_erlpack@1 to /home/rparodi/.config/discord/0.0.55/modules/pending/discord_erlpack-1.zip: 58%
2024-06-06T10:14:33.033Z [Modules] Streaming discord_erlpack@1 to /home/rparodi/.config/discord/0.0.55/modules/pending/discord_erlpack-1.zip: 61%
2024-06-06T10:14:33.036Z [Modules] Streaming discord_erlpack@1 to /home/rparodi/.config/discord/0.0.55/modules/pending/discord_erlpack-1.zip: 64%
2024-06-06T10:14:33.037Z [Modules] Streaming discord_erlpack@1 to /home/rparodi/.config/discord/0.0.55/modules/pending/discord_erlpack-1.zip: 68%
2024-06-06T10:14:33.039Z [Modules] Streaming discord_erlpack@1 to /home/rparodi/.config/discord/0.0.55/modules/pending/discord_erlpack-1.zip: 71%
2024-06-06T10:14:33.040Z [Modules] Streaming discord_erlpack@1 to /home/rparodi/.config/discord/0.0.55/modules/pending/discord_erlpack-1.zip: 75%
2024-06-06T10:14:33.041Z [Modules] Streaming discord_erlpack@1 to /home/rparodi/.config/discord/0.0.55/modules/pending/discord_erlpack-1.zip: 78%
2024-06-06T10:14:33.042Z [Modules] Streaming discord_erlpack@1 to /home/rparodi/.config/discord/0.0.55/modules/pending/discord_erlpack-1.zip: 81%
2024-06-06T10:14:33.044Z [Modules] Streaming discord_erlpack@1 to /home/rparodi/.config/discord/0.0.55/modules/pending/discord_erlpack-1.zip: 85%
2024-06-06T10:14:33.045Z [Modules] Streaming discord_erlpack@1 to /home/rparodi/.config/discord/0.0.55/modules/pending/discord_erlpack-1.zip: 88%
2024-06-06T10:14:33.047Z [Modules] Streaming discord_erlpack@1 to /home/rparodi/.config/discord/0.0.55/modules/pending/discord_erlpack-1.zip: 92%
2024-06-06T10:14:33.048Z [Modules] Streaming discord_erlpack@1 to /home/rparodi/.config/discord/0.0.55/modules/pending/discord_erlpack-1.zip: 95%
2024-06-06T10:14:33.050Z [Modules] Streaming discord_erlpack@1 to /home/rparodi/.config/discord/0.0.55/modules/pending/discord_erlpack-1.zip: 98%
2024-06-06T10:14:33.051Z [Modules] Streaming discord_erlpack@1 to /home/rparodi/.config/discord/0.0.55/modules/pending/discord_erlpack-1.zip: 100%
2024-06-06T10:14:33.053Z [Modules] Fetching discord_spellcheck@1 from https://discord.com/api/modules/stable/discord_spellcheck/1
2024-06-06T10:14:33.053Z [Modules] Streaming discord_spellcheck@1 to /home/rparodi/.config/discord/0.0.55/modules/pending/discord_spellcheck-1.zip
2024-06-06T10:14:33.243Z [Modules] Streaming discord_spellcheck@1 to /home/rparodi/.config/discord/0.0.55/modules/pending/discord_spellcheck-1.zip: 1%
2024-06-06T10:14:33.248Z [Modules] Streaming discord_spellcheck@1 to /home/rparodi/.config/discord/0.0.55/modules/pending/discord_spellcheck-1.zip: 2%
2024-06-06T10:14:33.252Z [Modules] Streaming discord_spellcheck@1 to /home/rparodi/.config/discord/0.0.55/modules/pending/discord_spellcheck-1.zip: 3%
2024-06-06T10:14:33.253Z [Modules] Streaming discord_spellcheck@1 to /home/rparodi/.config/discord/0.0.55/modules/pending/discord_spellcheck-1.zip: 4%
2024-06-06T10:14:33.255Z [Modules] Streaming discord_spellcheck@1 to /home/rparodi/.config/discord/0.0.55/modules/pending/discord_spellcheck-1.zip: 5%
2024-06-06T10:14:33.259Z [Modules] Streaming discord_spellcheck@1 to /home/rparodi/.config/discord/0.0.55/modules/pending/discord_spellcheck-1.zip: 6%
2024-06-06T10:14:33.262Z [Modules] Streaming discord_spellcheck@1 to /home/rparodi/.config/discord/0.0.55/modules/pending/discord_spellcheck-1.zip: 7%
2024-06-06T10:14:33.266Z [Modules] Streaming discord_spellcheck@1 to /home/rparodi/.config/discord/0.0.55/modules/pending/discord_spellcheck-1.zip: 8%
2024-06-06T10:14:33.268Z [Modules] Streaming discord_spellcheck@1 to /home/rparodi/.config/discord/0.0.55/modules/pending/discord_spellcheck-1.zip: 9%
2024-06-06T10:14:33.271Z [Modules] Streaming discord_spellcheck@1 to /home/rparodi/.config/discord/0.0.55/modules/pending/discord_spellcheck-1.zip: 10%
2024-06-06T10:14:33.275Z [Modules] Streaming discord_spellcheck@1 to /home/rparodi/.config/discord/0.0.55/modules/pending/discord_spellcheck-1.zip: 11%
2024-06-06T10:14:33.281Z [Modules] Streaming discord_spellcheck@1 to /home/rparodi/.config/discord/0.0.55/modules/pending/discord_spellcheck-1.zip: 12%
2024-06-06T10:14:33.283Z [Modules] Streaming discord_spellcheck@1 to /home/rparodi/.config/discord/0.0.55/modules/pending/discord_spellcheck-1.zip: 13%
2024-06-06T10:14:33.291Z [Modules] Streaming discord_spellcheck@1 to /home/rparodi/.config/discord/0.0.55/modules/pending/discord_spellcheck-1.zip: 14%
2024-06-06T10:14:33.294Z [Modules] Streaming discord_spellcheck@1 to /home/rparodi/.config/discord/0.0.55/modules/pending/discord_spellcheck-1.zip: 15%
2024-06-06T10:14:33.299Z [Modules] Streaming discord_spellcheck@1 to /home/rparodi/.config/discord/0.0.55/modules/pending/discord_spellcheck-1.zip: 16%
2024-06-06T10:14:33.304Z [Modules] Streaming discord_spellcheck@1 to /home/rparodi/.config/discord/0.0.55/modules/pending/discord_spellcheck-1.zip: 17%
2024-06-06T10:14:33.304Z [Modules] Streaming discord_spellcheck@1 to /home/rparodi/.config/discord/0.0.55/modules/pending/discord_spellcheck-1.zip: 18%
2024-06-06T10:14:33.308Z [Modules] Streaming discord_spellcheck@1 to /home/rparodi/.config/discord/0.0.55/modules/pending/discord_spellcheck-1.zip: 19%
2024-06-06T10:14:33.311Z [Modules] Streaming discord_spellcheck@1 to /home/rparodi/.config/discord/0.0.55/modules/pending/discord_spellcheck-1.zip: 20%
2024-06-06T10:14:33.315Z [Modules] Streaming discord_spellcheck@1 to /home/rparodi/.config/discord/0.0.55/modules/pending/discord_spellcheck-1.zip: 22%
2024-06-06T10:14:33.321Z [Modules] Streaming discord_spellcheck@1 to /home/rparodi/.config/discord/0.0.55/modules/pending/discord_spellcheck-1.zip: 23%
2024-06-06T10:14:33.324Z [Modules] Streaming discord_spellcheck@1 to /home/rparodi/.config/discord/0.0.55/modules/pending/discord_spellcheck-1.zip: 24%
2024-06-06T10:14:33.327Z [Modules] Streaming discord_spellcheck@1 to /home/rparodi/.config/discord/0.0.55/modules/pending/discord_spellcheck-1.zip: 25%
2024-06-06T10:14:33.330Z [Modules] Streaming discord_spellcheck@1 to /home/rparodi/.config/discord/0.0.55/modules/pending/discord_spellcheck-1.zip: 26%
2024-06-06T10:14:33.331Z [Modules] Streaming discord_spellcheck@1 to /home/rparodi/.config/discord/0.0.55/modules/pending/discord_spellcheck-1.zip: 27%
2024-06-06T10:14:33.334Z [Modules] Streaming discord_spellcheck@1 to /home/rparodi/.config/discord/0.0.55/modules/pending/discord_spellcheck-1.zip: 28%
2024-06-06T10:14:33.337Z [Modules] Streaming discord_spellcheck@1 to /home/rparodi/.config/discord/0.0.55/modules/pending/discord_spellcheck-1.zip: 29%
2024-06-06T10:14:33.340Z [Modules] Streaming discord_spellcheck@1 to /home/rparodi/.config/discord/0.0.55/modules/pending/discord_spellcheck-1.zip: 30%
2024-06-06T10:14:33.341Z [Modules] Streaming discord_spellcheck@1 to /home/rparodi/.config/discord/0.0.55/modules/pending/discord_spellcheck-1.zip: 31%
2024-06-06T10:14:33.343Z [Modules] Streaming discord_spellcheck@1 to /home/rparodi/.config/discord/0.0.55/modules/pending/discord_spellcheck-1.zip: 32%
2024-06-06T10:14:33.348Z [Modules] Streaming discord_spellcheck@1 to /home/rparodi/.config/discord/0.0.55/modules/pending/discord_spellcheck-1.zip: 33%
2024-06-06T10:14:33.350Z [Modules] Streaming discord_spellcheck@1 to /home/rparodi/.config/discord/0.0.55/modules/pending/discord_spellcheck-1.zip: 34%
2024-06-06T10:14:33.353Z [Modules] Streaming discord_spellcheck@1 to /home/rparodi/.config/discord/0.0.55/modules/pending/discord_spellcheck-1.zip: 36%
2024-06-06T10:14:33.356Z [Modules] Streaming discord_spellcheck@1 to /home/rparodi/.config/discord/0.0.55/modules/pending/discord_spellcheck-1.zip: 37%
2024-06-06T10:14:33.360Z [Modules] Streaming discord_spellcheck@1 to /home/rparodi/.config/discord/0.0.55/modules/pending/discord_spellcheck-1.zip: 38%
2024-06-06T10:14:33.364Z [Modules] Streaming discord_spellcheck@1 to /home/rparodi/.config/discord/0.0.55/modules/pending/discord_spellcheck-1.zip: 39%
2024-06-06T10:14:33.364Z [Modules] Streaming discord_spellcheck@1 to /home/rparodi/.config/discord/0.0.55/modules/pending/discord_spellcheck-1.zip: 40%
2024-06-06T10:14:33.368Z [Modules] Streaming discord_spellcheck@1 to /home/rparodi/.config/discord/0.0.55/modules/pending/discord_spellcheck-1.zip: 41%
2024-06-06T10:14:33.378Z [Modules] Streaming discord_spellcheck@1 to /home/rparodi/.config/discord/0.0.55/modules/pending/discord_spellcheck-1.zip: 42%
2024-06-06T10:14:33.381Z [Modules] Streaming discord_spellcheck@1 to /home/rparodi/.config/discord/0.0.55/modules/pending/discord_spellcheck-1.zip: 43%
2024-06-06T10:14:33.382Z [Modules] Streaming discord_spellcheck@1 to /home/rparodi/.config/discord/0.0.55/modules/pending/discord_spellcheck-1.zip: 44%
2024-06-06T10:14:33.385Z [Modules] Streaming discord_spellcheck@1 to /home/rparodi/.config/discord/0.0.55/modules/pending/discord_spellcheck-1.zip: 45%
2024-06-06T10:14:33.390Z [Modules] Streaming discord_spellcheck@1 to /home/rparodi/.config/discord/0.0.55/modules/pending/discord_spellcheck-1.zip: 46%
2024-06-06T10:14:33.394Z [Modules] Streaming discord_spellcheck@1 to /home/rparodi/.config/discord/0.0.55/modules/pending/discord_spellcheck-1.zip: 47%
2024-06-06T10:14:33.397Z [Modules] Streaming discord_spellcheck@1 to /home/rparodi/.config/discord/0.0.55/modules/pending/discord_spellcheck-1.zip: 48%
2024-06-06T10:14:33.398Z [Modules] Streaming discord_spellcheck@1 to /home/rparodi/.config/discord/0.0.55/modules/pending/discord_spellcheck-1.zip: 49%
2024-06-06T10:14:33.400Z [Modules] Streaming discord_spellcheck@1 to /home/rparodi/.config/discord/0.0.55/modules/pending/discord_spellcheck-1.zip: 50%
2024-06-06T10:14:33.404Z [Modules] Streaming discord_spellcheck@1 to /home/rparodi/.config/discord/0.0.55/modules/pending/discord_spellcheck-1.zip: 51%
2024-06-06T10:14:33.407Z [Modules] Streaming discord_spellcheck@1 to /home/rparodi/.config/discord/0.0.55/modules/pending/discord_spellcheck-1.zip: 52%
2024-06-06T10:14:33.407Z [Modules] Streaming discord_spellcheck@1 to /home/rparodi/.config/discord/0.0.55/modules/pending/discord_spellcheck-1.zip: 53%
2024-06-06T10:14:33.410Z [Modules] Streaming discord_spellcheck@1 to /home/rparodi/.config/discord/0.0.55/modules/pending/discord_spellcheck-1.zip: 54%
2024-06-06T10:14:33.413Z [Modules] Streaming discord_spellcheck@1 to /home/rparodi/.config/discord/0.0.55/modules/pending/discord_spellcheck-1.zip: 55%
2024-06-06T10:14:33.416Z [Modules] Streaming discord_spellcheck@1 to /home/rparodi/.config/discord/0.0.55/modules/pending/discord_spellcheck-1.zip: 56%
2024-06-06T10:14:33.419Z [Modules] Streaming discord_spellcheck@1 to /home/rparodi/.config/discord/0.0.55/modules/pending/discord_spellcheck-1.zip: 57%
2024-06-06T10:14:33.420Z [Modules] Streaming discord_spellcheck@1 to /home/rparodi/.config/discord/0.0.55/modules/pending/discord_spellcheck-1.zip: 58%
2024-06-06T10:14:33.423Z [Modules] Streaming discord_spellcheck@1 to /home/rparodi/.config/discord/0.0.55/modules/pending/discord_spellcheck-1.zip: 59%
2024-06-06T10:14:33.426Z [Modules] Streaming discord_spellcheck@1 to /home/rparodi/.config/discord/0.0.55/modules/pending/discord_spellcheck-1.zip: 60%
2024-06-06T10:14:33.429Z [Modules] Streaming discord_spellcheck@1 to /home/rparodi/.config/discord/0.0.55/modules/pending/discord_spellcheck-1.zip: 61%
2024-06-06T10:14:33.430Z [Modules] Streaming discord_spellcheck@1 to /home/rparodi/.config/discord/0.0.55/modules/pending/discord_spellcheck-1.zip: 62%
2024-06-06T10:14:33.432Z [Modules] Streaming discord_spellcheck@1 to /home/rparodi/.config/discord/0.0.55/modules/pending/discord_spellcheck-1.zip: 63%
2024-06-06T10:14:33.435Z [Modules] Streaming discord_spellcheck@1 to /home/rparodi/.config/discord/0.0.55/modules/pending/discord_spellcheck-1.zip: 64%
2024-06-06T10:14:33.438Z [Modules] Streaming discord_spellcheck@1 to /home/rparodi/.config/discord/0.0.55/modules/pending/discord_spellcheck-1.zip: 65%
2024-06-06T10:14:33.438Z [Modules] Streaming discord_spellcheck@1 to /home/rparodi/.config/discord/0.0.55/modules/pending/discord_spellcheck-1.zip: 66%
2024-06-06T10:14:33.441Z [Modules] Streaming discord_spellcheck@1 to /home/rparodi/.config/discord/0.0.55/modules/pending/discord_spellcheck-1.zip: 67%
2024-06-06T10:14:33.448Z [Modules] Streaming discord_spellcheck@1 to /home/rparodi/.config/discord/0.0.55/modules/pending/discord_spellcheck-1.zip: 68%
2024-06-06T10:14:33.451Z [Modules] Streaming discord_spellcheck@1 to /home/rparodi/.config/discord/0.0.55/modules/pending/discord_spellcheck-1.zip: 69%
2024-06-06T10:14:33.453Z [Modules] Streaming discord_spellcheck@1 to /home/rparodi/.config/discord/0.0.55/modules/pending/discord_spellcheck-1.zip: 70%
2024-06-06T10:14:33.454Z [Modules] Streaming discord_spellcheck@1 to /home/rparodi/.config/discord/0.0.55/modules/pending/discord_spellcheck-1.zip: 71%
2024-06-06T10:14:33.457Z [Modules] Streaming discord_spellcheck@1 to /home/rparodi/.config/discord/0.0.55/modules/pending/discord_spellcheck-1.zip: 72%
2024-06-06T10:14:33.460Z [Modules] Streaming discord_spellcheck@1 to /home/rparodi/.config/discord/0.0.55/modules/pending/discord_spellcheck-1.zip: 73%
2024-06-06T10:14:33.463Z [Modules] Streaming discord_spellcheck@1 to /home/rparodi/.config/discord/0.0.55/modules/pending/discord_spellcheck-1.zip: 74%
2024-06-06T10:14:33.464Z [Modules] Streaming discord_spellcheck@1 to /home/rparodi/.config/discord/0.0.55/modules/pending/discord_spellcheck-1.zip: 75%
2024-06-06T10:14:33.466Z [Modules] Streaming discord_spellcheck@1 to /home/rparodi/.config/discord/0.0.55/modules/pending/discord_spellcheck-1.zip: 76%
2024-06-06T10:14:33.469Z [Modules] Streaming discord_spellcheck@1 to /home/rparodi/.config/discord/0.0.55/modules/pending/discord_spellcheck-1.zip: 77%
2024-06-06T10:14:33.473Z [Modules] Streaming discord_spellcheck@1 to /home/rparodi/.config/discord/0.0.55/modules/pending/discord_spellcheck-1.zip: 78%
2024-06-06T10:14:33.476Z [Modules] Streaming discord_spellcheck@1 to /home/rparodi/.config/discord/0.0.55/modules/pending/discord_spellcheck-1.zip: 79%
2024-06-06T10:14:33.477Z [Modules] Streaming discord_spellcheck@1 to /home/rparodi/.config/discord/0.0.55/modules/pending/discord_spellcheck-1.zip: 80%
2024-06-06T10:14:33.479Z [Modules] Streaming discord_spellcheck@1 to /home/rparodi/.config/discord/0.0.55/modules/pending/discord_spellcheck-1.zip: 81%
2024-06-06T10:14:33.483Z [Modules] Streaming discord_spellcheck@1 to /home/rparodi/.config/discord/0.0.55/modules/pending/discord_spellcheck-1.zip: 82%
2024-06-06T10:14:33.486Z [Modules] Streaming discord_spellcheck@1 to /home/rparodi/.config/discord/0.0.55/modules/pending/discord_spellcheck-1.zip: 83%
2024-06-06T10:14:33.487Z [Modules] Streaming discord_spellcheck@1 to /home/rparodi/.config/discord/0.0.55/modules/pending/discord_spellcheck-1.zip: 84%
2024-06-06T10:14:33.489Z [Modules] Streaming discord_spellcheck@1 to /home/rparodi/.config/discord/0.0.55/modules/pending/discord_spellcheck-1.zip: 85%
2024-06-06T10:14:33.495Z [Modules] Streaming discord_spellcheck@1 to /home/rparodi/.config/discord/0.0.55/modules/pending/discord_spellcheck-1.zip: 86%
2024-06-06T10:14:33.499Z [Modules] Streaming discord_spellcheck@1 to /home/rparodi/.config/discord/0.0.55/modules/pending/discord_spellcheck-1.zip: 87%
2024-06-06T10:14:33.499Z [Modules] Streaming discord_spellcheck@1 to /home/rparodi/.config/discord/0.0.55/modules/pending/discord_spellcheck-1.zip: 88%
2024-06-06T10:14:33.502Z [Modules] Streaming discord_spellcheck@1 to /home/rparodi/.config/discord/0.0.55/modules/pending/discord_spellcheck-1.zip: 89%
2024-06-06T10:14:33.505Z [Modules] Streaming discord_spellcheck@1 to /home/rparodi/.config/discord/0.0.55/modules/pending/discord_spellcheck-1.zip: 90%
2024-06-06T10:14:33.508Z [Modules] Streaming discord_spellcheck@1 to /home/rparodi/.config/discord/0.0.55/modules/pending/discord_spellcheck-1.zip: 91%
2024-06-06T10:14:33.511Z [Modules] Streaming discord_spellcheck@1 to /home/rparodi/.config/discord/0.0.55/modules/pending/discord_spellcheck-1.zip: 92%
2024-06-06T10:14:33.512Z [Modules] Streaming discord_spellcheck@1 to /home/rparodi/.config/discord/0.0.55/modules/pending/discord_spellcheck-1.zip: 93%
2024-06-06T10:14:33.515Z [Modules] Streaming discord_spellcheck@1 to /home/rparodi/.config/discord/0.0.55/modules/pending/discord_spellcheck-1.zip: 94%
2024-06-06T10:14:33.518Z [Modules] Streaming discord_spellcheck@1 to /home/rparodi/.config/discord/0.0.55/modules/pending/discord_spellcheck-1.zip: 95%
2024-06-06T10:14:33.525Z [Modules] Streaming discord_spellcheck@1 to /home/rparodi/.config/discord/0.0.55/modules/pending/discord_spellcheck-1.zip: 96%
2024-06-06T10:14:33.525Z [Modules] Streaming discord_spellcheck@1 to /home/rparodi/.config/discord/0.0.55/modules/pending/discord_spellcheck-1.zip: 97%
2024-06-06T10:14:33.528Z [Modules] Streaming discord_spellcheck@1 to /home/rparodi/.config/discord/0.0.55/modules/pending/discord_spellcheck-1.zip: 98%
2024-06-06T10:14:33.532Z [Modules] Streaming discord_spellcheck@1 to /home/rparodi/.config/discord/0.0.55/modules/pending/discord_spellcheck-1.zip: 99%
2024-06-06T10:14:33.534Z [Modules] Streaming discord_spellcheck@1 to /home/rparodi/.config/discord/0.0.55/modules/pending/discord_spellcheck-1.zip: 100%
2024-06-06T10:14:33.536Z [Modules] Fetching discord_utils@1 from https://discord.com/api/modules/stable/discord_utils/1
2024-06-06T10:14:33.536Z [Modules] Streaming discord_utils@1 to /home/rparodi/.config/discord/0.0.55/modules/pending/discord_utils-1.zip
2024-06-06T10:14:33.725Z [Modules] Streaming discord_utils@1 to /home/rparodi/.config/discord/0.0.55/modules/pending/discord_utils-1.zip: 2%
2024-06-06T10:14:33.729Z [Modules] Streaming discord_utils@1 to /home/rparodi/.config/discord/0.0.55/modules/pending/discord_utils-1.zip: 4%
2024-06-06T10:14:33.733Z [Modules] Streaming discord_utils@1 to /home/rparodi/.config/discord/0.0.55/modules/pending/discord_utils-1.zip: 6%
2024-06-06T10:14:33.734Z [Modules] Streaming discord_utils@1 to /home/rparodi/.config/discord/0.0.55/modules/pending/discord_utils-1.zip: 8%
2024-06-06T10:14:33.738Z [Modules] Streaming discord_utils@1 to /home/rparodi/.config/discord/0.0.55/modules/pending/discord_utils-1.zip: 10%
2024-06-06T10:14:33.739Z [Modules] Streaming discord_utils@1 to /home/rparodi/.config/discord/0.0.55/modules/pending/discord_utils-1.zip: 12%
2024-06-06T10:14:33.747Z [Modules] Streaming discord_utils@1 to /home/rparodi/.config/discord/0.0.55/modules/pending/discord_utils-1.zip: 14%
2024-06-06T10:14:33.749Z [Modules] Streaming discord_utils@1 to /home/rparodi/.config/discord/0.0.55/modules/pending/discord_utils-1.zip: 16%
2024-06-06T10:14:33.752Z [Modules] Streaming discord_utils@1 to /home/rparodi/.config/discord/0.0.55/modules/pending/discord_utils-1.zip: 18%
2024-06-06T10:14:33.753Z [Modules] Streaming discord_utils@1 to /home/rparodi/.config/discord/0.0.55/modules/pending/discord_utils-1.zip: 21%
2024-06-06T10:14:33.756Z [Modules] Streaming discord_utils@1 to /home/rparodi/.config/discord/0.0.55/modules/pending/discord_utils-1.zip: 25%
2024-06-06T10:14:33.759Z [Modules] Streaming discord_utils@1 to /home/rparodi/.config/discord/0.0.55/modules/pending/discord_utils-1.zip: 27%
2024-06-06T10:14:33.760Z [Modules] Streaming discord_utils@1 to /home/rparodi/.config/discord/0.0.55/modules/pending/discord_utils-1.zip: 29%
2024-06-06T10:14:33.762Z [Modules] Streaming discord_utils@1 to /home/rparodi/.config/discord/0.0.55/modules/pending/discord_utils-1.zip: 31%
2024-06-06T10:14:33.763Z [Modules] Streaming discord_utils@1 to /home/rparodi/.config/discord/0.0.55/modules/pending/discord_utils-1.zip: 33%
2024-06-06T10:14:33.766Z [Modules] Streaming discord_utils@1 to /home/rparodi/.config/discord/0.0.55/modules/pending/discord_utils-1.zip: 35%
2024-06-06T10:14:33.767Z [Modules] Streaming discord_utils@1 to /home/rparodi/.config/discord/0.0.55/modules/pending/discord_utils-1.zip: 37%
2024-06-06T10:14:33.769Z [Modules] Streaming discord_utils@1 to /home/rparodi/.config/discord/0.0.55/modules/pending/discord_utils-1.zip: 39%
2024-06-06T10:14:33.770Z [Modules] Streaming discord_utils@1 to /home/rparodi/.config/discord/0.0.55/modules/pending/discord_utils-1.zip: 41%
2024-06-06T10:14:33.772Z [Modules] Streaming discord_utils@1 to /home/rparodi/.config/discord/0.0.55/modules/pending/discord_utils-1.zip: 43%
2024-06-06T10:14:33.773Z [Modules] Streaming discord_utils@1 to /home/rparodi/.config/discord/0.0.55/modules/pending/discord_utils-1.zip: 45%
2024-06-06T10:14:33.775Z [Modules] Streaming discord_utils@1 to /home/rparodi/.config/discord/0.0.55/modules/pending/discord_utils-1.zip: 48%
2024-06-06T10:14:33.776Z [Modules] Streaming discord_utils@1 to /home/rparodi/.config/discord/0.0.55/modules/pending/discord_utils-1.zip: 50%
2024-06-06T10:14:33.778Z [Modules] Streaming discord_utils@1 to /home/rparodi/.config/discord/0.0.55/modules/pending/discord_utils-1.zip: 52%
2024-06-06T10:14:33.779Z [Modules] Streaming discord_utils@1 to /home/rparodi/.config/discord/0.0.55/modules/pending/discord_utils-1.zip: 54%
2024-06-06T10:14:33.782Z [Modules] Streaming discord_utils@1 to /home/rparodi/.config/discord/0.0.55/modules/pending/discord_utils-1.zip: 56%
2024-06-06T10:14:33.783Z [Modules] Streaming discord_utils@1 to /home/rparodi/.config/discord/0.0.55/modules/pending/discord_utils-1.zip: 58%
2024-06-06T10:14:33.785Z [Modules] Streaming discord_utils@1 to /home/rparodi/.config/discord/0.0.55/modules/pending/discord_utils-1.zip: 60%
2024-06-06T10:14:33.786Z [Modules] Streaming discord_utils@1 to /home/rparodi/.config/discord/0.0.55/modules/pending/discord_utils-1.zip: 62%
2024-06-06T10:14:33.788Z [Modules] Streaming discord_utils@1 to /home/rparodi/.config/discord/0.0.55/modules/pending/discord_utils-1.zip: 64%
2024-06-06T10:14:33.789Z [Modules] Streaming discord_utils@1 to /home/rparodi/.config/discord/0.0.55/modules/pending/discord_utils-1.zip: 66%
2024-06-06T10:14:33.792Z [Modules] Streaming discord_utils@1 to /home/rparodi/.config/discord/0.0.55/modules/pending/discord_utils-1.zip: 68%
2024-06-06T10:14:33.792Z [Modules] Streaming discord_utils@1 to /home/rparodi/.config/discord/0.0.55/modules/pending/discord_utils-1.zip: 70%
2024-06-06T10:14:33.795Z [Modules] Streaming discord_utils@1 to /home/rparodi/.config/discord/0.0.55/modules/pending/discord_utils-1.zip: 72%
2024-06-06T10:14:33.795Z [Modules] Streaming discord_utils@1 to /home/rparodi/.config/discord/0.0.55/modules/pending/discord_utils-1.zip: 74%
2024-06-06T10:14:33.798Z [Modules] Streaming discord_utils@1 to /home/rparodi/.config/discord/0.0.55/modules/pending/discord_utils-1.zip: 76%
2024-06-06T10:14:33.799Z [Modules] Streaming discord_utils@1 to /home/rparodi/.config/discord/0.0.55/modules/pending/discord_utils-1.zip: 78%
2024-06-06T10:14:33.801Z [Modules] Streaming discord_utils@1 to /home/rparodi/.config/discord/0.0.55/modules/pending/discord_utils-1.zip: 81%
2024-06-06T10:14:33.802Z [Modules] Streaming discord_utils@1 to /home/rparodi/.config/discord/0.0.55/modules/pending/discord_utils-1.zip: 83%
2024-06-06T10:14:33.807Z [Modules] Streaming discord_utils@1 to /home/rparodi/.config/discord/0.0.55/modules/pending/discord_utils-1.zip: 85%
2024-06-06T10:14:33.808Z [Modules] Streaming discord_utils@1 to /home/rparodi/.config/discord/0.0.55/modules/pending/discord_utils-1.zip: 87%
2024-06-06T10:14:33.810Z [Modules] Streaming discord_utils@1 to /home/rparodi/.config/discord/0.0.55/modules/pending/discord_utils-1.zip: 89%
2024-06-06T10:14:33.811Z [Modules] Streaming discord_utils@1 to /home/rparodi/.config/discord/0.0.55/modules/pending/discord_utils-1.zip: 91%
2024-06-06T10:14:33.814Z [Modules] Streaming discord_utils@1 to /home/rparodi/.config/discord/0.0.55/modules/pending/discord_utils-1.zip: 93%
2024-06-06T10:14:33.814Z [Modules] Streaming discord_utils@1 to /home/rparodi/.config/discord/0.0.55/modules/pending/discord_utils-1.zip: 95%
2024-06-06T10:14:33.817Z [Modules] Streaming discord_utils@1 to /home/rparodi/.config/discord/0.0.55/modules/pending/discord_utils-1.zip: 97%
2024-06-06T10:14:33.818Z [Modules] Streaming discord_utils@1 to /home/rparodi/.config/discord/0.0.55/modules/pending/discord_utils-1.zip: 99%
2024-06-06T10:14:33.820Z [Modules] Streaming discord_utils@1 to /home/rparodi/.config/discord/0.0.55/modules/pending/discord_utils-1.zip: 100%
2024-06-06T10:14:33.822Z [Modules] Fetching discord_voice@1 from https://discord.com/api/modules/stable/discord_voice/1
2024-06-06T10:14:33.822Z [Modules] Streaming discord_voice@1 to /home/rparodi/.config/discord/0.0.55/modules/pending/discord_voice-1.zip
2024-06-06T10:14:34.077Z [Modules] Streaming discord_voice@1 to /home/rparodi/.config/discord/0.0.55/modules/pending/discord_voice-1.zip: 1%
2024-06-06T10:14:34.087Z [Modules] Streaming discord_voice@1 to /home/rparodi/.config/discord/0.0.55/modules/pending/discord_voice-1.zip: 2%
2024-06-06T10:14:34.095Z [Modules] Streaming discord_voice@1 to /home/rparodi/.config/discord/0.0.55/modules/pending/discord_voice-1.zip: 3%
2024-06-06T10:14:34.102Z [Modules] Streaming discord_voice@1 to /home/rparodi/.config/discord/0.0.55/modules/pending/discord_voice-1.zip: 4%
2024-06-06T10:14:34.105Z [Modules] Streaming discord_voice@1 to /home/rparodi/.config/discord/0.0.55/modules/pending/discord_voice-1.zip: 5%
2024-06-06T10:14:34.112Z [Modules] Streaming discord_voice@1 to /home/rparodi/.config/discord/0.0.55/modules/pending/discord_voice-1.zip: 6%
2024-06-06T10:14:34.123Z [Modules] Streaming discord_voice@1 to /home/rparodi/.config/discord/0.0.55/modules/pending/discord_voice-1.zip: 7%
2024-06-06T10:14:34.130Z [Modules] Streaming discord_voice@1 to /home/rparodi/.config/discord/0.0.55/modules/pending/discord_voice-1.zip: 8%
2024-06-06T10:14:34.136Z [Modules] Streaming discord_voice@1 to /home/rparodi/.config/discord/0.0.55/modules/pending/discord_voice-1.zip: 9%
2024-06-06T10:14:34.140Z [Modules] Streaming discord_voice@1 to /home/rparodi/.config/discord/0.0.55/modules/pending/discord_voice-1.zip: 10%
2024-06-06T10:14:34.146Z [Modules] Streaming discord_voice@1 to /home/rparodi/.config/discord/0.0.55/modules/pending/discord_voice-1.zip: 11%
2024-06-06T10:14:34.152Z [Modules] Streaming discord_voice@1 to /home/rparodi/.config/discord/0.0.55/modules/pending/discord_voice-1.zip: 12%
2024-06-06T10:14:34.160Z [Modules] Streaming discord_voice@1 to /home/rparodi/.config/discord/0.0.55/modules/pending/discord_voice-1.zip: 13%
2024-06-06T10:14:34.163Z [Modules] Streaming discord_voice@1 to /home/rparodi/.config/discord/0.0.55/modules/pending/discord_voice-1.zip: 14%
2024-06-06T10:14:34.170Z [Modules] Streaming discord_voice@1 to /home/rparodi/.config/discord/0.0.55/modules/pending/discord_voice-1.zip: 15%
2024-06-06T10:14:34.178Z [Modules] Streaming discord_voice@1 to /home/rparodi/.config/discord/0.0.55/modules/pending/discord_voice-1.zip: 16%
2024-06-06T10:14:34.188Z [Modules] Streaming discord_voice@1 to /home/rparodi/.config/discord/0.0.55/modules/pending/discord_voice-1.zip: 17%
2024-06-06T10:14:34.203Z [Modules] Streaming discord_voice@1 to /home/rparodi/.config/discord/0.0.55/modules/pending/discord_voice-1.zip: 18%
2024-06-06T10:14:34.206Z [Modules] Streaming discord_voice@1 to /home/rparodi/.config/discord/0.0.55/modules/pending/discord_voice-1.zip: 19%
2024-06-06T10:14:34.213Z [Modules] Streaming discord_voice@1 to /home/rparodi/.config/discord/0.0.55/modules/pending/discord_voice-1.zip: 20%
2024-06-06T10:14:34.220Z [Modules] Streaming discord_voice@1 to /home/rparodi/.config/discord/0.0.55/modules/pending/discord_voice-1.zip: 21%
2024-06-06T10:14:34.229Z [Modules] Streaming discord_voice@1 to /home/rparodi/.config/discord/0.0.55/modules/pending/discord_voice-1.zip: 22%
2024-06-06T10:14:34.233Z [Modules] Streaming discord_voice@1 to /home/rparodi/.config/discord/0.0.55/modules/pending/discord_voice-1.zip: 23%
2024-06-06T10:14:34.239Z [Modules] Streaming discord_voice@1 to /home/rparodi/.config/discord/0.0.55/modules/pending/discord_voice-1.zip: 24%
2024-06-06T10:14:34.246Z [Modules] Streaming discord_voice@1 to /home/rparodi/.config/discord/0.0.55/modules/pending/discord_voice-1.zip: 25%
2024-06-06T10:14:34.252Z [Modules] Streaming discord_voice@1 to /home/rparodi/.config/discord/0.0.55/modules/pending/discord_voice-1.zip: 26%
2024-06-06T10:14:34.259Z [Modules] Streaming discord_voice@1 to /home/rparodi/.config/discord/0.0.55/modules/pending/discord_voice-1.zip: 27%
2024-06-06T10:14:34.262Z [Modules] Streaming discord_voice@1 to /home/rparodi/.config/discord/0.0.55/modules/pending/discord_voice-1.zip: 28%
2024-06-06T10:14:34.269Z [Modules] Streaming discord_voice@1 to /home/rparodi/.config/discord/0.0.55/modules/pending/discord_voice-1.zip: 29%
2024-06-06T10:14:34.276Z [Modules] Streaming discord_voice@1 to /home/rparodi/.config/discord/0.0.55/modules/pending/discord_voice-1.zip: 30%
2024-06-06T10:14:34.284Z [Modules] Streaming discord_voice@1 to /home/rparodi/.config/discord/0.0.55/modules/pending/discord_voice-1.zip: 31%
2024-06-06T10:14:34.299Z [Modules] Streaming discord_voice@1 to /home/rparodi/.config/discord/0.0.55/modules/pending/discord_voice-1.zip: 32%
2024-06-06T10:14:34.303Z [Modules] Streaming discord_voice@1 to /home/rparodi/.config/discord/0.0.55/modules/pending/discord_voice-1.zip: 33%
2024-06-06T10:14:34.309Z [Modules] Streaming discord_voice@1 to /home/rparodi/.config/discord/0.0.55/modules/pending/discord_voice-1.zip: 34%
2024-06-06T10:14:34.317Z [Modules] Streaming discord_voice@1 to /home/rparodi/.config/discord/0.0.55/modules/pending/discord_voice-1.zip: 35%
2024-06-06T10:14:34.324Z [Modules] Streaming discord_voice@1 to /home/rparodi/.config/discord/0.0.55/modules/pending/discord_voice-1.zip: 36%
2024-06-06T10:14:34.327Z [Modules] Streaming discord_voice@1 to /home/rparodi/.config/discord/0.0.55/modules/pending/discord_voice-1.zip: 37%
2024-06-06T10:14:34.334Z [Modules] Streaming discord_voice@1 to /home/rparodi/.config/discord/0.0.55/modules/pending/discord_voice-1.zip: 38%
2024-06-06T10:14:34.341Z [Modules] Streaming discord_voice@1 to /home/rparodi/.config/discord/0.0.55/modules/pending/discord_voice-1.zip: 39%
2024-06-06T10:14:34.348Z [Modules] Streaming discord_voice@1 to /home/rparodi/.config/discord/0.0.55/modules/pending/discord_voice-1.zip: 40%
2024-06-06T10:14:34.354Z [Modules] Streaming discord_voice@1 to /home/rparodi/.config/discord/0.0.55/modules/pending/discord_voice-1.zip: 41%
2024-06-06T10:14:34.358Z [Modules] Streaming discord_voice@1 to /home/rparodi/.config/discord/0.0.55/modules/pending/discord_voice-1.zip: 42%
2024-06-06T10:14:34.367Z [Modules] Streaming discord_voice@1 to /home/rparodi/.config/discord/0.0.55/modules/pending/discord_voice-1.zip: 43%
2024-06-06T10:14:34.375Z [Modules] Streaming discord_voice@1 to /home/rparodi/.config/discord/0.0.55/modules/pending/discord_voice-1.zip: 44%
2024-06-06T10:14:34.385Z [Modules] Streaming discord_voice@1 to /home/rparodi/.config/discord/0.0.55/modules/pending/discord_voice-1.zip: 46%
2024-06-06T10:14:34.387Z [Modules] Streaming discord_voice@1 to /home/rparodi/.config/discord/0.0.55/modules/pending/discord_voice-1.zip: 48%
2024-06-06T10:14:34.390Z [Modules] Streaming discord_voice@1 to /home/rparodi/.config/discord/0.0.55/modules/pending/discord_voice-1.zip: 53%
2024-06-06T10:14:34.392Z [Modules] Streaming discord_voice@1 to /home/rparodi/.config/discord/0.0.55/modules/pending/discord_voice-1.zip: 58%
2024-06-06T10:14:34.393Z [Modules] Streaming discord_voice@1 to /home/rparodi/.config/discord/0.0.55/modules/pending/discord_voice-1.zip: 62%
2024-06-06T10:14:34.395Z [Modules] Streaming discord_voice@1 to /home/rparodi/.config/discord/0.0.55/modules/pending/discord_voice-1.zip: 67%
2024-06-06T10:14:34.401Z [Modules] Streaming discord_voice@1 to /home/rparodi/.config/discord/0.0.55/modules/pending/discord_voice-1.zip: 68%
2024-06-06T10:14:34.403Z [Modules] Streaming discord_voice@1 to /home/rparodi/.config/discord/0.0.55/modules/pending/discord_voice-1.zip: 69%
2024-06-06T10:14:34.405Z [Modules] Streaming discord_voice@1 to /home/rparodi/.config/discord/0.0.55/modules/pending/discord_voice-1.zip: 70%
2024-06-06T10:14:34.407Z [Modules] Streaming discord_voice@1 to /home/rparodi/.config/discord/0.0.55/modules/pending/discord_voice-1.zip: 71%
2024-06-06T10:14:34.409Z [Modules] Streaming discord_voice@1 to /home/rparodi/.config/discord/0.0.55/modules/pending/discord_voice-1.zip: 72%
2024-06-06T10:14:34.411Z [Modules] Streaming discord_voice@1 to /home/rparodi/.config/discord/0.0.55/modules/pending/discord_voice-1.zip: 73%
2024-06-06T10:14:34.413Z [Modules] Streaming discord_voice@1 to /home/rparodi/.config/discord/0.0.55/modules/pending/discord_voice-1.zip: 74%
2024-06-06T10:14:34.415Z [Modules] Streaming discord_voice@1 to /home/rparodi/.config/discord/0.0.55/modules/pending/discord_voice-1.zip: 75%
2024-06-06T10:14:34.417Z [Modules] Streaming discord_voice@1 to /home/rparodi/.config/discord/0.0.55/modules/pending/discord_voice-1.zip: 76%
2024-06-06T10:14:34.419Z [Modules] Streaming discord_voice@1 to /home/rparodi/.config/discord/0.0.55/modules/pending/discord_voice-1.zip: 77%
2024-06-06T10:14:34.423Z [Modules] Streaming discord_voice@1 to /home/rparodi/.config/discord/0.0.55/modules/pending/discord_voice-1.zip: 78%
2024-06-06T10:14:34.425Z [Modules] Streaming discord_voice@1 to /home/rparodi/.config/discord/0.0.55/modules/pending/discord_voice-1.zip: 79%
2024-06-06T10:14:34.428Z [Modules] Streaming discord_voice@1 to /home/rparodi/.config/discord/0.0.55/modules/pending/discord_voice-1.zip: 80%
2024-06-06T10:14:34.430Z [Modules] Streaming discord_voice@1 to /home/rparodi/.config/discord/0.0.55/modules/pending/discord_voice-1.zip: 81%
2024-06-06T10:14:34.432Z [Modules] Streaming discord_voice@1 to /home/rparodi/.config/discord/0.0.55/modules/pending/discord_voice-1.zip: 82%
2024-06-06T10:14:34.447Z [Modules] Streaming discord_voice@1 to /home/rparodi/.config/discord/0.0.55/modules/pending/discord_voice-1.zip: 83%
2024-06-06T10:14:34.450Z [Modules] Streaming discord_voice@1 to /home/rparodi/.config/discord/0.0.55/modules/pending/discord_voice-1.zip: 84%
2024-06-06T10:14:34.452Z [Modules] Streaming discord_voice@1 to /home/rparodi/.config/discord/0.0.55/modules/pending/discord_voice-1.zip: 87%
2024-06-06T10:14:34.453Z [Modules] Streaming discord_voice@1 to /home/rparodi/.config/discord/0.0.55/modules/pending/discord_voice-1.zip: 88%
2024-06-06T10:14:34.455Z [Modules] Streaming discord_voice@1 to /home/rparodi/.config/discord/0.0.55/modules/pending/discord_voice-1.zip: 89%
2024-06-06T10:14:34.458Z [Modules] Streaming discord_voice@1 to /home/rparodi/.config/discord/0.0.55/modules/pending/discord_voice-1.zip: 90%
2024-06-06T10:14:34.471Z [Modules] Streaming discord_voice@1 to /home/rparodi/.config/discord/0.0.55/modules/pending/discord_voice-1.zip: 91%
2024-06-06T10:14:34.473Z [Modules] Streaming discord_voice@1 to /home/rparodi/.config/discord/0.0.55/modules/pending/discord_voice-1.zip: 93%
2024-06-06T10:14:34.476Z [Modules] Streaming discord_voice@1 to /home/rparodi/.config/discord/0.0.55/modules/pending/discord_voice-1.zip: 97%
2024-06-06T10:14:34.478Z [Modules] Streaming discord_voice@1 to /home/rparodi/.config/discord/0.0.55/modules/pending/discord_voice-1.zip: 98%
2024-06-06T10:14:34.480Z [Modules] Streaming discord_voice@1 to /home/rparodi/.config/discord/0.0.55/modules/pending/discord_voice-1.zip: 100%
2024-06-06T10:14:34.482Z [Modules] Fetching discord_zstd@1 from https://discord.com/api/modules/stable/discord_zstd/1
2024-06-06T10:14:34.483Z [Modules] Streaming discord_zstd@1 to /home/rparodi/.config/discord/0.0.55/modules/pending/discord_zstd-1.zip
2024-06-06T10:14:34.655Z [Modules] Streaming discord_zstd@1 to /home/rparodi/.config/discord/0.0.55/modules/pending/discord_zstd-1.zip: 16%
2024-06-06T10:14:34.660Z [Modules] Streaming discord_zstd@1 to /home/rparodi/.config/discord/0.0.55/modules/pending/discord_zstd-1.zip: 20%
2024-06-06T10:14:34.661Z [Modules] Streaming discord_zstd@1 to /home/rparodi/.config/discord/0.0.55/modules/pending/discord_zstd-1.zip: 36%
2024-06-06T10:14:34.664Z [Modules] Streaming discord_zstd@1 to /home/rparodi/.config/discord/0.0.55/modules/pending/discord_zstd-1.zip: 52%
2024-06-06T10:14:34.665Z [Modules] Streaming discord_zstd@1 to /home/rparodi/.config/discord/0.0.55/modules/pending/discord_zstd-1.zip: 68%
2024-06-06T10:14:34.669Z [Modules] Streaming discord_zstd@1 to /home/rparodi/.config/discord/0.0.55/modules/pending/discord_zstd-1.zip: 84%
2024-06-06T10:14:34.670Z [Modules] Streaming discord_zstd@1 to /home/rparodi/.config/discord/0.0.55/modules/pending/discord_zstd-1.zip: 100%
2024-06-06T10:14:34.670Z [Modules] Finished module downloads. [success: 6] [failure: 0]
2024-06-06T10:14:34.671Z [Modules] Installing updates...
2024-06-06T10:14:34.671Z [Modules] Installing discord_desktop_core@1 from /home/rparodi/.config/discord/0.0.55/modules/pending/discord_desktop_core-1.zip
2024-06-06T10:14:34.710Z [Modules] Installing discord_erlpack@1 from /home/rparodi/.config/discord/0.0.55/modules/pending/discord_erlpack-1.zip
2024-06-06T10:14:34.739Z [Modules] Installing discord_spellcheck@1 from /home/rparodi/.config/discord/0.0.55/modules/pending/discord_spellcheck-1.zip
2024-06-06T10:14:35.039Z [Modules] Installing discord_utils@1 from /home/rparodi/.config/discord/0.0.55/modules/pending/discord_utils-1.zip
2024-06-06T10:14:35.096Z [Modules] Installing discord_voice@1 from /home/rparodi/.config/discord/0.0.55/modules/pending/discord_voice-1.zip
2024-06-06T10:14:35.379Z [Modules] Installing discord_zstd@1 from /home/rparodi/.config/discord/0.0.55/modules/pending/discord_zstd-1.zip
2024-06-06T10:14:35.387Z [Modules] Finished module installations. [success: 6] [failure: 0]
2024-06-06T10:14:35.387Z [Modules] Checking for host updates.
2024-06-06T10:14:35.545Z [Modules] Host is up to date.
2024-06-06T10:14:35.545Z [Modules] Checking for module updates at https://discord.com/api/modules/stable/versions.json
2024-06-06T10:14:35.547Z [Modules] No module updates available.
2024-06-06T10:14:36.391Z [Modules] Starting to install discord_krisp...
2024-06-06T10:14:36.391Z [Modules] Fetching discord_krisp@1 from https://discord.com/api/modules/stable/discord_krisp/1
2024-06-06T10:14:36.392Z [Modules] Streaming discord_krisp@1 to /home/rparodi/.config/discord/0.0.55/modules/pending/discord_krisp-1.zip
2024-06-06T10:14:36.396Z [Modules] Starting to install discord_game_utils...
2024-06-06T10:14:36.596Z [Modules] Streaming discord_krisp@1 to /home/rparodi/.config/discord/0.0.55/modules/pending/discord_krisp-1.zip: 1%
2024-06-06T10:14:36.606Z [Modules] Streaming discord_krisp@1 to /home/rparodi/.config/discord/0.0.55/modules/pending/discord_krisp-1.zip: 2%
2024-06-06T10:14:36.616Z [Modules] Streaming discord_krisp@1 to /home/rparodi/.config/discord/0.0.55/modules/pending/discord_krisp-1.zip: 3%
2024-06-06T10:14:36.656Z [Modules] Streaming discord_krisp@1 to /home/rparodi/.config/discord/0.0.55/modules/pending/discord_krisp-1.zip: 4%
2024-06-06T10:14:36.669Z [Modules] Streaming discord_krisp@1 to /home/rparodi/.config/discord/0.0.55/modules/pending/discord_krisp-1.zip: 5%
2024-06-06T10:14:36.688Z [Modules] Streaming discord_krisp@1 to /home/rparodi/.config/discord/0.0.55/modules/pending/discord_krisp-1.zip: 6%
2024-06-06T10:14:36.697Z [Modules] Streaming discord_krisp@1 to /home/rparodi/.config/discord/0.0.55/modules/pending/discord_krisp-1.zip: 7%
2024-06-06T10:14:36.706Z [Modules] Streaming discord_krisp@1 to /home/rparodi/.config/discord/0.0.55/modules/pending/discord_krisp-1.zip: 8%
2024-06-06T10:14:36.713Z [Modules] Streaming discord_krisp@1 to /home/rparodi/.config/discord/0.0.55/modules/pending/discord_krisp-1.zip: 9%
2024-06-06T10:14:36.719Z [Modules] Streaming discord_krisp@1 to /home/rparodi/.config/discord/0.0.55/modules/pending/discord_krisp-1.zip: 10%
2024-06-06T10:14:36.722Z [Modules] Streaming discord_krisp@1 to /home/rparodi/.config/discord/0.0.55/modules/pending/discord_krisp-1.zip: 11%
2024-06-06T10:14:36.732Z [Modules] Streaming discord_krisp@1 to /home/rparodi/.config/discord/0.0.55/modules/pending/discord_krisp-1.zip: 12%
2024-06-06T10:14:36.740Z [Modules] Streaming discord_krisp@1 to /home/rparodi/.config/discord/0.0.55/modules/pending/discord_krisp-1.zip: 13%
2024-06-06T10:14:36.746Z [Modules] Streaming discord_krisp@1 to /home/rparodi/.config/discord/0.0.55/modules/pending/discord_krisp-1.zip: 14%
2024-06-06T10:14:36.756Z [Modules] Streaming discord_krisp@1 to /home/rparodi/.config/discord/0.0.55/modules/pending/discord_krisp-1.zip: 15%
2024-06-06T10:14:36.762Z [Modules] Streaming discord_krisp@1 to /home/rparodi/.config/discord/0.0.55/modules/pending/discord_krisp-1.zip: 16%
2024-06-06T10:14:36.767Z [Modules] Streaming discord_krisp@1 to /home/rparodi/.config/discord/0.0.55/modules/pending/discord_krisp-1.zip: 17%
2024-06-06T10:14:36.782Z [Modules] Streaming discord_krisp@1 to /home/rparodi/.config/discord/0.0.55/modules/pending/discord_krisp-1.zip: 18%
2024-06-06T10:14:36.788Z [Modules] Streaming discord_krisp@1 to /home/rparodi/.config/discord/0.0.55/modules/pending/discord_krisp-1.zip: 19%
2024-06-06T10:14:36.793Z [Modules] Streaming discord_krisp@1 to /home/rparodi/.config/discord/0.0.55/modules/pending/discord_krisp-1.zip: 20%
2024-06-06T10:14:36.796Z [Modules] Streaming discord_krisp@1 to /home/rparodi/.config/discord/0.0.55/modules/pending/discord_krisp-1.zip: 21%
2024-06-06T10:14:36.802Z [Modules] Streaming discord_krisp@1 to /home/rparodi/.config/discord/0.0.55/modules/pending/discord_krisp-1.zip: 22%
2024-06-06T10:14:36.808Z [Modules] Streaming discord_krisp@1 to /home/rparodi/.config/discord/0.0.55/modules/pending/discord_krisp-1.zip: 23%
2024-06-06T10:14:36.816Z [Modules] Streaming discord_krisp@1 to /home/rparodi/.config/discord/0.0.55/modules/pending/discord_krisp-1.zip: 24%
2024-06-06T10:14:36.822Z [Modules] Streaming discord_krisp@1 to /home/rparodi/.config/discord/0.0.55/modules/pending/discord_krisp-1.zip: 25%
2024-06-06T10:14:36.827Z [Modules] Streaming discord_krisp@1 to /home/rparodi/.config/discord/0.0.55/modules/pending/discord_krisp-1.zip: 26%
2024-06-06T10:14:36.830Z [Modules] Streaming discord_krisp@1 to /home/rparodi/.config/discord/0.0.55/modules/pending/discord_krisp-1.zip: 27%
2024-06-06T10:14:36.835Z [Modules] Streaming discord_krisp@1 to /home/rparodi/.config/discord/0.0.55/modules/pending/discord_krisp-1.zip: 28%
2024-06-06T10:14:36.844Z [Modules] Streaming discord_krisp@1 to /home/rparodi/.config/discord/0.0.55/modules/pending/discord_krisp-1.zip: 29%
2024-06-06T10:14:36.850Z [Modules] Checking for host updates.
2024-06-06T10:14:36.850Z [Modules] Streaming discord_krisp@1 to /home/rparodi/.config/discord/0.0.55/modules/pending/discord_krisp-1.zip: 30%
2024-06-06T10:14:36.857Z [Modules] Streaming discord_krisp@1 to /home/rparodi/.config/discord/0.0.55/modules/pending/discord_krisp-1.zip: 31%
2024-06-06T10:14:36.861Z [Modules] Streaming discord_krisp@1 to /home/rparodi/.config/discord/0.0.55/modules/pending/discord_krisp-1.zip: 32%
2024-06-06T10:14:36.867Z [Modules] Streaming discord_krisp@1 to /home/rparodi/.config/discord/0.0.55/modules/pending/discord_krisp-1.zip: 33%
2024-06-06T10:14:36.873Z [Modules] Streaming discord_krisp@1 to /home/rparodi/.config/discord/0.0.55/modules/pending/discord_krisp-1.zip: 34%
2024-06-06T10:14:36.878Z [Modules] Streaming discord_krisp@1 to /home/rparodi/.config/discord/0.0.55/modules/pending/discord_krisp-1.zip: 35%
2024-06-06T10:14:36.888Z [Modules] Streaming discord_krisp@1 to /home/rparodi/.config/discord/0.0.55/modules/pending/discord_krisp-1.zip: 36%
2024-06-06T10:14:36.890Z [Modules] Streaming discord_krisp@1 to /home/rparodi/.config/discord/0.0.55/modules/pending/discord_krisp-1.zip: 37%
2024-06-06T10:14:36.896Z [Modules] Streaming discord_krisp@1 to /home/rparodi/.config/discord/0.0.55/modules/pending/discord_krisp-1.zip: 38%
2024-06-06T10:14:36.901Z [Modules] Streaming discord_krisp@1 to /home/rparodi/.config/discord/0.0.55/modules/pending/discord_krisp-1.zip: 39%
2024-06-06T10:14:36.910Z [Modules] Streaming discord_krisp@1 to /home/rparodi/.config/discord/0.0.55/modules/pending/discord_krisp-1.zip: 40%
2024-06-06T10:14:36.912Z [Modules] Starting to install discord_rpc...
2024-06-06T10:14:36.916Z [Modules] Streaming discord_krisp@1 to /home/rparodi/.config/discord/0.0.55/modules/pending/discord_krisp-1.zip: 41%
2024-06-06T10:14:36.919Z [Modules] Streaming discord_krisp@1 to /home/rparodi/.config/discord/0.0.55/modules/pending/discord_krisp-1.zip: 42%
2024-06-06T10:14:36.931Z [Modules] Streaming discord_krisp@1 to /home/rparodi/.config/discord/0.0.55/modules/pending/discord_krisp-1.zip: 43%
2024-06-06T10:14:36.968Z [Modules] Streaming discord_krisp@1 to /home/rparodi/.config/discord/0.0.55/modules/pending/discord_krisp-1.zip: 44%
2024-06-06T10:14:36.968Z [Modules] Streaming discord_krisp@1 to /home/rparodi/.config/discord/0.0.55/modules/pending/discord_krisp-1.zip: 45%
2024-06-06T10:14:36.970Z [Modules] Streaming discord_krisp@1 to /home/rparodi/.config/discord/0.0.55/modules/pending/discord_krisp-1.zip: 46%
2024-06-06T10:14:36.971Z [Modules] Streaming discord_krisp@1 to /home/rparodi/.config/discord/0.0.55/modules/pending/discord_krisp-1.zip: 47%
2024-06-06T10:14:36.972Z [Modules] Streaming discord_krisp@1 to /home/rparodi/.config/discord/0.0.55/modules/pending/discord_krisp-1.zip: 49%
2024-06-06T10:14:36.972Z [Modules] Streaming discord_krisp@1 to /home/rparodi/.config/discord/0.0.55/modules/pending/discord_krisp-1.zip: 51%
2024-06-06T10:14:36.973Z [Modules] Streaming discord_krisp@1 to /home/rparodi/.config/discord/0.0.55/modules/pending/discord_krisp-1.zip: 53%
2024-06-06T10:14:36.973Z [Modules] Streaming discord_krisp@1 to /home/rparodi/.config/discord/0.0.55/modules/pending/discord_krisp-1.zip: 56%
2024-06-06T10:14:36.974Z [Modules] Streaming discord_krisp@1 to /home/rparodi/.config/discord/0.0.55/modules/pending/discord_krisp-1.zip: 61%
2024-06-06T10:14:36.975Z [Modules] Streaming discord_krisp@1 to /home/rparodi/.config/discord/0.0.55/modules/pending/discord_krisp-1.zip: 66%
2024-06-06T10:14:36.985Z [Modules] Streaming discord_krisp@1 to /home/rparodi/.config/discord/0.0.55/modules/pending/discord_krisp-1.zip: 67%
2024-06-06T10:14:36.987Z [Modules] Streaming discord_krisp@1 to /home/rparodi/.config/discord/0.0.55/modules/pending/discord_krisp-1.zip: 68%
2024-06-06T10:14:36.989Z [Modules] Streaming discord_krisp@1 to /home/rparodi/.config/discord/0.0.55/modules/pending/discord_krisp-1.zip: 69%
2024-06-06T10:14:36.994Z [Modules] Streaming discord_krisp@1 to /home/rparodi/.config/discord/0.0.55/modules/pending/discord_krisp-1.zip: 70%
2024-06-06T10:14:36.996Z [Modules] Streaming discord_krisp@1 to /home/rparodi/.config/discord/0.0.55/modules/pending/discord_krisp-1.zip: 71%
2024-06-06T10:14:36.999Z [Modules] Streaming discord_krisp@1 to /home/rparodi/.config/discord/0.0.55/modules/pending/discord_krisp-1.zip: 72%
2024-06-06T10:14:37.001Z [Modules] Streaming discord_krisp@1 to /home/rparodi/.config/discord/0.0.55/modules/pending/discord_krisp-1.zip: 73%
2024-06-06T10:14:37.003Z [Modules] Streaming discord_krisp@1 to /home/rparodi/.config/discord/0.0.55/modules/pending/discord_krisp-1.zip: 74%
2024-06-06T10:14:37.005Z [Modules] Streaming discord_krisp@1 to /home/rparodi/.config/discord/0.0.55/modules/pending/discord_krisp-1.zip: 75%
2024-06-06T10:14:37.007Z [Modules] Streaming discord_krisp@1 to /home/rparodi/.config/discord/0.0.55/modules/pending/discord_krisp-1.zip: 76%
2024-06-06T10:14:37.009Z [Modules] Streaming discord_krisp@1 to /home/rparodi/.config/discord/0.0.55/modules/pending/discord_krisp-1.zip: 77%
2024-06-06T10:14:37.011Z [Modules] Streaming discord_krisp@1 to /home/rparodi/.config/discord/0.0.55/modules/pending/discord_krisp-1.zip: 78%
2024-06-06T10:14:37.020Z [Modules] Streaming discord_krisp@1 to /home/rparodi/.config/discord/0.0.55/modules/pending/discord_krisp-1.zip: 79%
2024-06-06T10:14:37.022Z [Modules] Streaming discord_krisp@1 to /home/rparodi/.config/discord/0.0.55/modules/pending/discord_krisp-1.zip: 80%
2024-06-06T10:14:37.027Z [Modules] Streaming discord_krisp@1 to /home/rparodi/.config/discord/0.0.55/modules/pending/discord_krisp-1.zip: 81%
2024-06-06T10:14:37.030Z [Modules] Streaming discord_krisp@1 to /home/rparodi/.config/discord/0.0.55/modules/pending/discord_krisp-1.zip: 82%
2024-06-06T10:14:37.032Z [Modules] Streaming discord_krisp@1 to /home/rparodi/.config/discord/0.0.55/modules/pending/discord_krisp-1.zip: 83%
2024-06-06T10:14:37.034Z [Modules] Streaming discord_krisp@1 to /home/rparodi/.config/discord/0.0.55/modules/pending/discord_krisp-1.zip: 84%
2024-06-06T10:14:37.035Z [Modules] Streaming discord_krisp@1 to /home/rparodi/.config/discord/0.0.55/modules/pending/discord_krisp-1.zip: 85%
2024-06-06T10:14:37.038Z [Modules] Streaming discord_krisp@1 to /home/rparodi/.config/discord/0.0.55/modules/pending/discord_krisp-1.zip: 86%
2024-06-06T10:14:37.040Z [Modules] Streaming discord_krisp@1 to /home/rparodi/.config/discord/0.0.55/modules/pending/discord_krisp-1.zip: 87%
2024-06-06T10:14:37.041Z [Modules] Streaming discord_krisp@1 to /home/rparodi/.config/discord/0.0.55/modules/pending/discord_krisp-1.zip: 88%
2024-06-06T10:14:37.044Z [Modules] Streaming discord_krisp@1 to /home/rparodi/.config/discord/0.0.55/modules/pending/discord_krisp-1.zip: 89%
2024-06-06T10:14:37.057Z [Modules] Streaming discord_krisp@1 to /home/rparodi/.config/discord/0.0.55/modules/pending/discord_krisp-1.zip: 90%
2024-06-06T10:14:37.058Z [Modules] Streaming discord_krisp@1 to /home/rparodi/.config/discord/0.0.55/modules/pending/discord_krisp-1.zip: 91%
2024-06-06T10:14:37.058Z [Modules] Streaming discord_krisp@1 to /home/rparodi/.config/discord/0.0.55/modules/pending/discord_krisp-1.zip: 92%
2024-06-06T10:14:37.058Z [Modules] Streaming discord_krisp@1 to /home/rparodi/.config/discord/0.0.55/modules/pending/discord_krisp-1.zip: 93%
2024-06-06T10:14:37.059Z [Modules] Streaming discord_krisp@1 to /home/rparodi/.config/discord/0.0.55/modules/pending/discord_krisp-1.zip: 94%
2024-06-06T10:14:37.059Z [Modules] Streaming discord_krisp@1 to /home/rparodi/.config/discord/0.0.55/modules/pending/discord_krisp-1.zip: 95%
2024-06-06T10:14:37.061Z [Modules] Streaming discord_krisp@1 to /home/rparodi/.config/discord/0.0.55/modules/pending/discord_krisp-1.zip: 96%
2024-06-06T10:14:37.063Z [Modules] Streaming discord_krisp@1 to /home/rparodi/.config/discord/0.0.55/modules/pending/discord_krisp-1.zip: 97%
2024-06-06T10:14:37.066Z [Modules] Streaming discord_krisp@1 to /home/rparodi/.config/discord/0.0.55/modules/pending/discord_krisp-1.zip: 98%
2024-06-06T10:14:37.067Z [Modules] Streaming discord_krisp@1 to /home/rparodi/.config/discord/0.0.55/modules/pending/discord_krisp-1.zip: 99%
2024-06-06T10:14:37.069Z [Modules] Streaming discord_krisp@1 to /home/rparodi/.config/discord/0.0.55/modules/pending/discord_krisp-1.zip: 100%
2024-06-06T10:14:37.070Z [Modules] Fetching discord_game_utils@1 from https://discord.com/api/modules/stable/discord_game_utils/1
2024-06-06T10:14:37.070Z [Modules] Streaming discord_game_utils@1 to /home/rparodi/.config/discord/0.0.55/modules/pending/discord_game_utils-1.zip
2024-06-06T10:14:37.070Z [Modules] Installing discord_krisp@1 from /home/rparodi/.config/discord/0.0.55/modules/pending/discord_krisp-1.zip
2024-06-06T10:14:37.221Z [Modules] Finished module installations. [success: 1] [failure: 0]
2024-06-06T10:14:37.246Z [Modules] Streaming discord_game_utils@1 to /home/rparodi/.config/discord/0.0.55/modules/pending/discord_game_utils-1.zip: 2%
2024-06-06T10:14:37.251Z [Modules] Streaming discord_game_utils@1 to /home/rparodi/.config/discord/0.0.55/modules/pending/discord_game_utils-1.zip: 3%
2024-06-06T10:14:37.251Z [Modules] Streaming discord_game_utils@1 to /home/rparodi/.config/discord/0.0.55/modules/pending/discord_game_utils-1.zip: 5%
2024-06-06T10:14:37.256Z [Modules] Streaming discord_game_utils@1 to /home/rparodi/.config/discord/0.0.55/modules/pending/discord_game_utils-1.zip: 10%
2024-06-06T10:14:37.261Z [Modules] Streaming discord_game_utils@1 to /home/rparodi/.config/discord/0.0.55/modules/pending/discord_game_utils-1.zip: 16%
2024-06-06T10:14:37.271Z [Modules] Streaming discord_game_utils@1 to /home/rparodi/.config/discord/0.0.55/modules/pending/discord_game_utils-1.zip: 21%
2024-06-06T10:14:37.273Z [Modules] Streaming discord_game_utils@1 to /home/rparodi/.config/discord/0.0.55/modules/pending/discord_game_utils-1.zip: 26%
2024-06-06T10:14:37.276Z [Modules] Streaming discord_game_utils@1 to /home/rparodi/.config/discord/0.0.55/modules/pending/discord_game_utils-1.zip: 31%
2024-06-06T10:14:37.278Z [Modules] Streaming discord_game_utils@1 to /home/rparodi/.config/discord/0.0.55/modules/pending/discord_game_utils-1.zip: 36%
2024-06-06T10:14:37.281Z [Modules] Streaming discord_game_utils@1 to /home/rparodi/.config/discord/0.0.55/modules/pending/discord_game_utils-1.zip: 41%
2024-06-06T10:14:37.283Z [Modules] Streaming discord_game_utils@1 to /home/rparodi/.config/discord/0.0.55/modules/pending/discord_game_utils-1.zip: 46%
2024-06-06T10:14:37.286Z [Modules] Streaming discord_game_utils@1 to /home/rparodi/.config/discord/0.0.55/modules/pending/discord_game_utils-1.zip: 52%
2024-06-06T10:14:37.290Z [Modules] Streaming discord_game_utils@1 to /home/rparodi/.config/discord/0.0.55/modules/pending/discord_game_utils-1.zip: 57%
2024-06-06T10:14:37.293Z [Modules] Streaming discord_game_utils@1 to /home/rparodi/.config/discord/0.0.55/modules/pending/discord_game_utils-1.zip: 62%
2024-06-06T10:14:37.295Z [Modules] Streaming discord_game_utils@1 to /home/rparodi/.config/discord/0.0.55/modules/pending/discord_game_utils-1.zip: 67%
2024-06-06T10:14:37.298Z [Modules] Streaming discord_game_utils@1 to /home/rparodi/.config/discord/0.0.55/modules/pending/discord_game_utils-1.zip: 72%
2024-06-06T10:14:37.300Z [Modules] Streaming discord_game_utils@1 to /home/rparodi/.config/discord/0.0.55/modules/pending/discord_game_utils-1.zip: 77%
2024-06-06T10:14:37.304Z [Modules] Streaming discord_game_utils@1 to /home/rparodi/.config/discord/0.0.55/modules/pending/discord_game_utils-1.zip: 82%
2024-06-06T10:14:37.306Z [Modules] Streaming discord_game_utils@1 to /home/rparodi/.config/discord/0.0.55/modules/pending/discord_game_utils-1.zip: 87%
2024-06-06T10:14:37.309Z [Modules] Streaming discord_game_utils@1 to /home/rparodi/.config/discord/0.0.55/modules/pending/discord_game_utils-1.zip: 92%
2024-06-06T10:14:37.312Z [Modules] Streaming discord_game_utils@1 to /home/rparodi/.config/discord/0.0.55/modules/pending/discord_game_utils-1.zip: 97%
2024-06-06T10:14:37.315Z [Modules] Streaming discord_game_utils@1 to /home/rparodi/.config/discord/0.0.55/modules/pending/discord_game_utils-1.zip: 100%
2024-06-06T10:14:37.315Z [Modules] Fetching discord_rpc@1 from https://discord.com/api/modules/stable/discord_rpc/1
2024-06-06T10:14:37.315Z [Modules] Streaming discord_rpc@1 to /home/rparodi/.config/discord/0.0.55/modules/pending/discord_rpc-1.zip
2024-06-06T10:14:37.315Z [Modules] Installing discord_game_utils@1 from /home/rparodi/.config/discord/0.0.55/modules/pending/discord_game_utils-1.zip
2024-06-06T10:14:37.345Z [Modules] Finished module installations. [success: 1] [failure: 0]
2024-06-06T10:14:37.507Z [Modules] Streaming discord_rpc@1 to /home/rparodi/.config/discord/0.0.55/modules/pending/discord_rpc-1.zip: 100%
2024-06-06T10:14:37.508Z [Modules] Finished module downloads. [success: 3] [failure: 0]
2024-06-06T10:14:37.508Z [Modules] Installing discord_rpc@1 from /home/rparodi/.config/discord/0.0.55/modules/pending/discord_rpc-1.zip
2024-06-06T10:14:37.514Z [Modules] Finished module installations. [success: 1] [failure: 0]
2024-06-06T10:14:37.521Z [Modules] Host is up to date.
2024-06-06T10:14:37.521Z [Modules] Checking for module updates at https://discord.com/api/modules/stable/versions.json
2024-06-06T10:14:37.522Z [Modules] No module updates available.
